TN:
SF:server.js
FN:20,(anonymous_0)
FN:81,(anonymous_1)
FN:85,(anonymous_2)
FN:90,(anonymous_3)
FN:98,(anonymous_4)
FN:106,(anonymous_5)
FN:110,(anonymous_6)
FNF:7
FNH:0
FNDA:0,(anonymous_0)
FNDA:0,(anonymous_1)
FNDA:0,(anonymous_2)
FNDA:0,(anonymous_3)
FNDA:0,(anonymous_4)
FNDA:0,(anonymous_5)
FNDA:0,(anonymous_6)
DA:1,0
DA:2,0
DA:3,0
DA:4,0
DA:6,0
DA:7,0
DA:9,0
DA:17,0
DA:18,0
DA:20,0
DA:21,0
DA:23,0
DA:25,0
DA:26,0
DA:30,0
DA:33,0
DA:34,0
DA:36,0
DA:37,0
DA:41,0
DA:44,0
DA:51,0
DA:53,0
DA:60,0
DA:62,0
DA:64,0
DA:65,0
DA:66,0
DA:67,0
DA:68,0
DA:69,0
DA:70,0
DA:71,0
DA:74,0
DA:81,0
DA:82,0
DA:85,0
DA:86,0
DA:89,0
DA:90,0
DA:91,0
DA:98,0
DA:99,0
DA:105,0
DA:106,0
DA:107,0
DA:110,0
DA:111,0
DA:112,0
LF:49
LH:0
BRDA:14,0,0,0
BRDA:14,0,1,0
BRDA:25,1,0,0
BRDA:25,1,1,0
BRDA:36,2,0,0
BRDA:36,2,1,0
BRDA:54,3,0,0
BRDA:54,3,1,0
BRDA:64,4,0,0
BRDA:64,4,1,0
BRDA:66,5,0,0
BRDA:66,5,1,0
BRDA:68,6,0,0
BRDA:68,6,1,0
BRDA:70,7,0,0
BRDA:70,7,1,0
BRDA:105,8,0,0
BRDA:105,8,1,0
BRF:18
BRH:0
end_of_record
TN:
SF:services/flightMonitor.js
FN:2,(anonymous_0)
FN:8,(anonymous_1)
FN:22,(anonymous_2)
FN:46,(anonymous_3)
FN:77,(anonymous_4)
FN:103,(anonymous_5)
FN:107,(anonymous_6)
FN:112,(anonymous_7)
FNF:8
FNH:8
FNDA:11,(anonymous_0)
FNDA:13,(anonymous_1)
FNDA:7,(anonymous_2)
FNDA:5,(anonymous_3)
FNDA:2,(anonymous_4)
FNDA:8,(anonymous_5)
FNDA:1,(anonymous_6)
FNDA:7,(anonymous_7)
DA:3,11
DA:4,11
DA:5,11
DA:9,13
DA:11,13
DA:19,13
DA:23,7
DA:24,7
DA:26,7
DA:27,7
DA:28,1
DA:29,1
DA:30,1
DA:33,6
DA:34,6
DA:36,6
DA:37,5
DA:41,7
DA:42,5
DA:47,5
DA:48,5
DA:50,4
DA:51,0
DA:52,0
DA:55,4
DA:56,4
DA:58,4
DA:59,2
DA:61,2
DA:62,2
DA:64,2
DA:65,0
DA:69,4
DA:70,4
DA:73,1
DA:78,2
DA:79,2
DA:80,2
DA:82,2
DA:97,1
DA:99,1
DA:104,8
DA:108,1
DA:109,1
DA:113,7
DA:114,7
DA:118,1
LF:47
LH:44
BRDA:27,0,0,1
BRDA:27,0,1,6
BRDA:27,1,0,7
BRDA:27,1,1,1
BRDA:36,2,0,5
BRDA:36,2,1,1
BRDA:41,3,0,5
BRDA:41,3,1,2
BRDA:50,4,0,0
BRDA:50,4,1,4
BRDA:58,5,0,2
BRDA:58,5,1,2
BRDA:64,6,0,0
BRDA:64,6,1,2
BRDA:97,7,0,1
BRDA:97,7,1,0
BRF:16
BRH:13
end_of_record
TN:
SF:services/flightService.js
FN:4,(anonymous_0)
FN:9,(anonymous_1)
FN:62,(anonymous_2)
FN:66,(anonymous_3)
FN:70,(anonymous_4)
FN:114,(anonymous_5)
FN:126,(anonymous_6)
FN:138,(anonymous_7)
FN:151,(anonymous_8)
FNF:9
FNH:9
FNDA:15,(anonymous_0)
FNDA:11,(anonymous_1)
FNDA:20,(anonymous_2)
FNDA:18,(anonymous_3)
FNDA:1,(anonymous_4)
FNDA:13,(anonymous_5)
FNDA:13,(anonymous_6)
FNDA:7,(anonymous_7)
FNDA:5,(anonymous_8)
DA:1,2
DA:5,15
DA:6,15
DA:10,11
DA:11,11
DA:12,2
DA:15,9
DA:17,9
DA:18,0
DA:21,9
DA:22,9
DA:24,9
DA:25,1
DA:28,8
DA:33,8
DA:34,7
DA:35,1
DA:36,1
DA:39,8
DA:41,7
DA:42,0
DA:45,7
DA:46,1
DA:49,6
DA:51,4
DA:52,1
DA:54,3
DA:55,0
DA:57,3
DA:58,3
DA:63,20
DA:67,18
DA:71,1
DA:72,1
DA:73,1
DA:74,1
DA:75,1
DA:77,1
DA:78,1
DA:80,1
DA:81,1
DA:83,1
DA:115,13
DA:123,13
DA:127,13
DA:135,13
DA:139,7
DA:148,7
DA:152,5
DA:153,5
DA:155,5
DA:157,5
DA:159,1
DA:160,1
DA:162,1
DA:163,1
DA:165,1
DA:166,1
DA:168,1
DA:169,1
DA:171,1
DA:172,1
DA:174,0
DA:177,5
DA:181,2
LF:65
LH:61
BRDA:11,0,0,2
BRDA:11,0,1,9
BRDA:11,1,0,11
BRDA:11,1,1,10
BRDA:17,2,0,0
BRDA:17,2,1,9
BRDA:24,3,0,1
BRDA:24,3,1,8
BRDA:24,4,0,9
BRDA:24,4,1,2
BRDA:33,5,0,7
BRDA:33,5,1,1
BRDA:35,6,0,1
BRDA:35,6,1,0
BRDA:41,7,0,0
BRDA:41,7,1,7
BRDA:42,8,0,0
BRDA:42,8,1,0
BRDA:45,9,0,1
BRDA:45,9,1,6
BRDA:45,10,0,7
BRDA:45,10,1,7
BRDA:51,11,0,1
BRDA:51,11,1,3
BRDA:51,12,0,4
BRDA:51,12,1,1
BRDA:54,13,0,0
BRDA:54,13,1,3
BRDA:54,14,0,3
BRDA:54,14,1,0
BRDA:67,15,0,18
BRDA:67,15,1,5
BRDA:71,16,0,1
BRDA:71,16,1,0
BRDA:71,16,2,0
BRDA:72,17,0,1
BRDA:72,17,1,0
BRDA:73,18,0,1
BRDA:73,18,1,0
BRDA:74,19,0,1
BRDA:74,19,1,0
BRDA:77,20,0,1
BRDA:77,20,1,0
BRDA:78,21,0,1
BRDA:78,21,1,0
BRDA:123,22,0,13
BRDA:123,22,1,1
BRDA:135,23,0,13
BRDA:135,23,1,1
BRDA:148,24,0,7
BRDA:148,24,1,5
BRDA:152,25,0,5
BRDA:152,25,1,0
BRDA:152,25,2,0
BRDA:157,26,0,1
BRDA:157,26,1,1
BRDA:157,26,2,1
BRDA:157,26,3,1
BRDA:157,26,4,1
BRDA:157,26,5,0
BRF:60
BRH:43
end_of_record
